#
# There is insufficient memory for the Java Runtime Environment to continue.
# Native memory allocation (malloc) failed to allocate 605616 bytes for Chunk::new
# Possible reasons:
#   The system is out of physical RAM or swap space
#   In 32 bit mode, the process size limit was hit
# Possible solutions:
#   Reduce memory load on the system
#   Increase physical memory or swap space
#   Check if swap backing store is full
#   Use 64 bit Java on a 64 bit OS
#   Decrease Java heap size (-Xmx/-Xms)
#   Decrease number of Java threads
#   Decrease Java thread stack sizes (-Xss)
#   Set larger code cache with -XX:ReservedCodeCacheSize=
# This output file may be truncated or incomplete.
#
#  Out of Memory Error (allocation.cpp:390), pid=7356, tid=0x0000000000002310
#
# JRE version: OpenJDK Runtime Environment (8.0_152-b01) (build 1.8.0_152-release-1343-b01)
# Java VM: OpenJDK 64-Bit Server VM (25.152-b01 mixed mode windows-amd64 compressed oops)
# Failed to write core dump. Minidumps are not enabled by default on client versions of Windows
#

---------------  T H R E A D  ---------------

Current thread (0x0000000018e93000):  JavaThread "C2 CompilerThread2" daemon [_thread_in_native, id=8976, stack(0x0000000019860000,0x0000000019960000)]

Stack: [0x0000000019860000,0x0000000019960000]
[error occurred during error reporting (printing stack bounds), id 0xc0000005]

Native frames: (J=compiled Java code, j=interpreted, Vv=VM code, C=native code)


Current CompileTask:
C2:3430183 13987       4       com.android.tools.r8.ir.regalloc.LinearScanRegisterAllocator::performLinearScan (922 bytes)


---------------  P R O C E S S  ---------------

Java Threads: ( => current thread )
  0x000000001d39b800 JavaThread "ForkJoinPool.commonPool-worker-7" daemon [_thread_blocked, id=16240, stack(0x00000000270e0000,0x00000000271e0000)]
  0x000000001d399800 JavaThread "ForkJoinPool.commonPool-worker-6" daemon [_thread_blocked, id=15704, stack(0x0000000026de0000,0x0000000026ee0000)]
  0x000000001d39b000 JavaThread "ForkJoinPool.commonPool-worker-5" daemon [_thread_blocked, id=2152, stack(0x0000000026ce0000,0x0000000026de0000)]
  0x000000001b382000 JavaThread "ForkJoinPool.commonPool-worker-4" daemon [_thread_in_Java, id=13676, stack(0x0000000026be0000,0x0000000026ce0000)]
  0x000000001b383000 JavaThread "ForkJoinPool.commonPool-worker-3" daemon [_thread_blocked, id=15676, stack(0x0000000026ae0000,0x0000000026be0000)]
  0x000000001b380000 JavaThread "ForkJoinPool.commonPool-worker-2" daemon [_thread_blocked, id=7024, stack(0x00000000269e0000,0x0000000026ae0000)]
  0x000000001b37e800 JavaThread "ForkJoinPool.commonPool-worker-1" daemon [_thread_blocked, id=12128, stack(0x0000000026670000,0x0000000026770000)]
  0x000000001b37f000 JavaThread "stdout" [_thread_in_native, id=11428, stack(0x00000000268e0000,0x00000000269e0000)]
  0x000000001b381800 JavaThread "stderr" [_thread_in_native, id=8548, stack(0x00000000267e0000,0x00000000268e0000)]
  0x000000001b37d800 JavaThread "pool-8-thread-1" [_thread_blocked, id=8688, stack(0x0000000026370000,0x0000000026470000)]
  0x000000001b37d000 JavaThread "Cache worker for execution history cache (D:\uji\Dicoding\submission1\.gradle\5.1.1\executionHistory)" [_thread_blocked, id=16612, stack(0x0000000026270000,0x0000000026370000)]
  0x000000001b380800 JavaThread "Execution worker for ':' Thread 7" [_thread_blocked, id=16736, stack(0x0000000026170000,0x0000000026270000)]
  0x000000001b375800 JavaThread "Execution worker for ':' Thread 6" [_thread_blocked, id=15212, stack(0x0000000025c40000,0x0000000025d40000)]
  0x000000001b377000 JavaThread "Execution worker for ':' Thread 5" [_thread_blocked, id=16260, stack(0x0000000025b40000,0x0000000025c40000)]
  0x000000001b37c000 JavaThread "Execution worker for ':' Thread 4" [_thread_blocked, id=10328, stack(0x00000000257d0000,0x00000000258d0000)]
  0x000000001b37b800 JavaThread "Execution worker for ':' Thread 3" [_thread_blocked, id=16032, stack(0x00000000256d0000,0x00000000257d0000)]
  0x000000001b374800 JavaThread "Execution worker for ':' Thread 2" [_thread_blocked, id=1120, stack(0x00000000255d0000,0x00000000256d0000)]
  0x000000001b374000 JavaThread "Execution worker for ':'" [_thread_blocked, id=4232, stack(0x0000000024ea0000,0x0000000024fa0000)]
  0x000000001b377800 JavaThread "Cache worker for file content cache (D:\uji\Dicoding\submission1\.gradle\5.1.1\fileContent)" [_thread_blocked, id=13188, stack(0x0000000023d90000,0x0000000023e90000)]
  0x000000001b37a000 JavaThread "Cache worker for Build Output Cleanup Cache (D:\uji\Dicoding\submission1\.gradle\buildOutputCleanup)" [_thread_blocked, id=2148, stack(0x0000000023890000,0x0000000023990000)]
  0x000000001b0d5800 JavaThread "pool-7-thread-1" [_thread_blocked, id=9180, stack(0x0000000023790000,0x0000000023890000)]
  0x000000001b0d4800 JavaThread "Build operations Thread 8" [_thread_blocked, id=12392, stack(0x0000000023690000,0x0000000023790000)]
  0x000000001b0d4000 JavaThread "Build operations Thread 7" [_thread_blocked, id=8624, stack(0x0000000023590000,0x0000000023690000)]
  0x000000001b0ce000 JavaThread "Build operations Thread 6" [_thread_blocked, id=11248, stack(0x0000000023490000,0x0000000023590000)]
  0x000000001b0d1000 JavaThread "Build operations Thread 5" [_thread_blocked, id=3048, stack(0x0000000023390000,0x0000000023490000)]
  0x000000001b0d0000 JavaThread "Build operations Thread 4" [_thread_blocked, id=15272, stack(0x0000000023290000,0x0000000023390000)]
  0x000000001b0d3000 JavaThread "Build operations Thread 3" [_thread_blocked, id=908, stack(0x0000000023190000,0x0000000023290000)]
  0x000000001b0d2800 JavaThread "Build operations Thread 2" [_thread_blocked, id=14992, stack(0x0000000021790000,0x0000000021890000)]
  0x000000001b0cf800 JavaThread "Build operations" [_thread_blocked, id=17104, stack(0x0000000021590000,0x0000000021690000)]
  0x000000001b0c6000 JavaThread "Cache worker for cache directory md-rule (C:\Users\asus\.gradle\caches\5.1.1\md-rule)" [_thread_blocked, id=4724, stack(0x000000001ec50000,0x000000001ed50000)]
  0x000000001b0c7800 JavaThread "Cache worker for cache directory md-supplier (C:\Users\asus\.gradle\caches\5.1.1\md-supplier)" [_thread_blocked, id=7936, stack(0x000000001eb50000,0x000000001ec50000)]
  0x000000001b0cc000 JavaThread "Cache worker for file hash cache (D:\uji\Dicoding\submission1\.gradle\5.1.1\fileHashes)" [_thread_blocked, id=10404, stack(0x000000001c5b0000,0x000000001c6b0000)]
  0x000000001b0cb800 JavaThread "Thread-66" [_thread_blocked, id=6072, stack(0x000000001c1b0000,0x000000001c2b0000)]
  0x000000001b0ca800 JavaThread "Stdin handler" [_thread_blocked, id=4040, stack(0x000000001c0b0000,0x000000001c1b0000)]
  0x000000001b0c8800 JavaThread "Asynchronous log dispatcher for DefaultDaemonConnection: socket connection from /127.0.0.1:50068 to /127.0.0.1:50519" [_thread_blocked, id=13212, stack(0x000000001bdb0000,0x000000001beb0000)]
  0x000000001b0ca000 JavaThread "Cancel handler" [_thread_blocked, id=3012, stack(0x0000000001520000,0x0000000001620000)]
  0x000000001b0c9000 JavaThread "Handler for socket connection from /127.0.0.1:50068 to /127.0.0.1:50519" [_thread_in_native, id=11020, stack(0x00000000013e0000,0x00000000014e0000)]
  0x000000001b379000 JavaThread "Daemon worker Thread 2" [_thread_blocked, id=5064, stack(0x000000001bcb0000,0x000000001bdb0000)]
  0x000000001b376000 JavaThread "Daemon Thread 2" [_thread_blocked, id=7516, stack(0x00000000012e0000,0x00000000013e0000)]
  0x000000001b0d1800 JavaThread "Cache worker for file content cache (C:\Users\asus\.gradle\caches\5.1.1\fileContent)" [_thread_blocked, id=13612, stack(0x00000000252d0000,0x00000000253d0000)]
  0x000000001b0cd000 JavaThread "Memory manager" [_thread_blocked, id=16684, stack(0x0000000024fd0000,0x00000000250d0000)]
  0x000000001b0c7000 JavaThread "Cache worker for execution history cache (C:\Users\asus\.gradle\caches\5.1.1\executionHistory)" [_thread_blocked, id=5540, stack(0x0000000021690000,0x0000000021790000)]
  0x000000001b084000 JavaThread "Cache worker for journal cache (C:\Users\asus\.gradle\caches\journal-1)" [_thread_blocked, id=8620, stack(0x000000001c8b0000,0x000000001c9b0000)]
  0x000000001b081800 JavaThread "File lock request listener" [_thread_in_native, id=8860, stack(0x000000001c7b0000,0x000000001c8b0000)]
  0x000000001b06f800 JavaThread "Cache worker for file hash cache (C:\Users\asus\.gradle\caches\5.1.1\fileHashes)" [_thread_blocked, id=8432, stack(0x000000001c6b0000,0x000000001c7b0000)]
  0x000000001af07000 JavaThread "Daemon periodic checks" [_thread_blocked, id=16552, stack(0x000000001bbb0000,0x000000001bcb0000)]
  0x000000001adaa000 JavaThread "Incoming local TCP Connector on port 50068" [_thread_in_native, id=15804, stack(0x000000001b970000,0x000000001ba70000)]
  0x0000000018f27800 JavaThread "Service Thread" daemon [_thread_blocked, id=3000, stack(0x0000000019a60000,0x0000000019b60000)]
  0x0000000016f6d000 JavaThread "C1 CompilerThread3" daemon [_thread_blocked, id=9288, stack(0x0000000019960000,0x0000000019a60000)]
=>0x0000000018e93000 JavaThread "C2 CompilerThread2" daemon [_thread_in_native, id=8976, stack(0x0000000019860000,0x0000000019960000)]
  0x0000000018e8f800 JavaThread "C2 CompilerThread1" daemon [_thread_in_native, id=13756, stack(0x0000000019760000,0x0000000019860000)]
  0x0000000018e8b000 JavaThread "C2 CompilerThread0" daemon [_thread_in_native, id=12220, stack(0x0000000019660000,0x0000000019760000)]
  0x0000000018e8a800 JavaThread "Attach Listener" daemon [_thread_blocked, id=11032, stack(0x0000000019560000,0x0000000019660000)]
  0x0000000018e95800 JavaThread "Signal Dispatcher" daemon [_thread_blocked, id=7464, stack(0x0000000019460000,0x0000000019560000)]
  0x0000000018e80800 JavaThread "Finalizer" daemon [_thread_blocked, id=11320, stack(0x0000000019260000,0x0000000019360000)]
  0x0000000016f5c800 JavaThread "Reference Handler" daemon [_thread_blocked, id=15220, stack(0x0000000018d60000,0x0000000018e60000)]
  0x000000000319e800 JavaThread "main" [_thread_blocked, id=11004, stack(0x0000000002eb0000,0x0000000002fb0000)]

Other Threads:
  0x0000000016f58000 VMThread [stack: 0x0000000018c60000,0x0000000018d60000] [id=6972]
  0x0000000018f30800 WatcherThread [stack: 0x0000000019b60000,0x0000000019c60000] [id=8700]

VM state:not at safepoint (normal execution)

VM Mutex/Monitor currently owned by a thread: None

Heap:
 PSYoungGen      total 172032K, used 136092K [0x00000000e0000000, 0x00000000ec300000, 0x0000000100000000)
  eden space 150528K, 83% used [0x00000000e0000000,0x00000000e7a1f0b0,0x00000000e9300000)
  from space 21504K, 51% used [0x00000000eae00000,0x00000000eb8c80e0,0x00000000ec300000)
  to   space 24576K, 0% used [0x00000000e9300000,0x00000000e9300000,0x00000000eab00000)
 ParOldGen       total 280576K, used 44050K [0x00000000a0000000, 0x00000000b1200000, 0x00000000e0000000)
  object space 280576K, 15% used [0x00000000a0000000,0x00000000a2b04ad8,0x00000000b1200000)
 Metaspace       used 80783K, capacity 84166K, committed 84376K, reserved 1122304K
  class space    used 10504K, capacity 11128K, committed 11176K, reserved 1048576K

Card table byte_map: [0x0000000012560000,0x0000000012870000] byte_map_base: 0x0000000012060000

Marking Bits: (ParMarkBitMap*) 0x0000000057845aa0
 Begin Bits: [0x0000000013270000, 0x0000000014a70000)
 End Bits:   [0x0000000014a70000, 0x0000000016270000)

Polling page: 0x0000000002fb0000

CodeCache: size=245760Kb used=35984Kb max_used=36116Kb free=209775Kb
 bounds [0x00000000031a0000, 0x0000000005530000, 0x00000000121a0000]
 total_blobs=12502 nmethods=11653 adapters=760
 compilation: enabled

Compilation events (10 events):
Event: 3430.106 Thread 0x0000000018e8b000 nmethod 13991 0x00000000042ff610 code [0x00000000042ff780, 0x00000000042ff9e8]
Event: 3430.106 Thread 0x0000000018e8b000 13993       4       com.android.tools.r8.ir.regalloc.LinearScanRegisterAllocator::useRegisterHint (246 bytes)
Event: 3430.106 Thread 0x0000000016f6d000 13994       3       java.util.TreeSet::comparator (10 bytes)
Event: 3430.106 Thread 0x0000000016f6d000 nmethod 13994 0x0000000003f08ad0 code [0x0000000003f08c40, 0x0000000003f08e68]
Event: 3430.122 Thread 0x0000000018e8b000 nmethod 13993 0x00000000033f8410 code [0x00000000033f8620, 0x00000000033f91b0]
Event: 3430.122 Thread 0x0000000018e8b000 13996       4       com.android.tools.r8.ir.regalloc.LinearScanRegisterAllocator::allocateArgumentIntervalsWithSrc (419 bytes)
Event: 3430.122 Thread 0x0000000016f6d000 14002       3       java.util.TreeMap::pollLastEntry (21 bytes)
Event: 3430.123 Thread 0x0000000016f6d000 nmethod 14002 0x0000000003f08290 code [0x0000000003f08420, 0x0000000003f088d8]
Event: 3430.123 Thread 0x0000000016f6d000 14005 %     3       com.android.tools.r8.ir.regalloc.LinearScanRegisterAllocator::allocateLinkedIntervals @ 33 (379 bytes)
Event: 3430.126 Thread 0x0000000016f6d000 nmethod 14005% 0x0000000004851190 code [0x00000000048515e0, 0x0000000004853d38]

GC Heap History (10 events):
Event: 8.852 GC heap before
{Heap before GC invocations=13 (full 3):
 PSYoungGen      total 141824K, used 125440K [0x00000000e0000000, 0x00000000eb900000, 0x0000000100000000)
  eden space 125440K, 100% used [0x00000000e0000000,0x00000000e7a80000,0x00000000e7a80000)
  from space 16384K, 0% used [0x00000000e7a80000,0x00000000e7a80000,0x00000000e8a80000)
  to   space 18432K, 0% used [0x00000000ea700000,0x00000000ea700000,0x00000000eb900000)
 ParOldGen       total 280576K, used 30709K [0x00000000a0000000, 0x00000000b1200000, 0x00000000e0000000)
  object space 280576K, 10% used [0x00000000a0000000,0x00000000a1dfd448,0x00000000b1200000)
 Metaspace       used 61268K, capacity 63236K, committed 63512K, reserved 1103872K
  class space    used 8293K, capacity 8723K, committed 8744K, reserved 1048576K
Event: 8.859 GC heap after
Heap after GC invocations=13 (full 3):
 PSYoungGen      total 154112K, used 11304K [0x00000000e0000000, 0x00000000eb280000, 0x0000000100000000)
  eden space 142336K, 0% used [0x00000000e0000000,0x00000000e0000000,0x00000000e8b00000)
  from space 11776K, 95% used [0x00000000ea700000,0x00000000eb20a080,0x00000000eb280000)
  to   space 17408K, 0% used [0x00000000e9080000,0x00000000e9080000,0x00000000ea180000)
 ParOldGen       total 280576K, used 30717K [0x00000000a0000000, 0x00000000b1200000, 0x00000000e0000000)
  object space 280576K, 10% used [0x00000000a0000000,0x00000000a1dff448,0x00000000b1200000)
 Metaspace       used 61268K, capacity 63236K, committed 63512K, reserved 1103872K
  class space    used 8293K, capacity 8723K, committed 8744K, reserved 1048576K
}
Event: 11.404 GC heap before
{Heap before GC invocations=14 (full 3):
 PSYoungGen      total 154112K, used 153640K [0x00000000e0000000, 0x00000000eb280000, 0x0000000100000000)
  eden space 142336K, 100% used [0x00000000e0000000,0x00000000e8b00000,0x00000000e8b00000)
  from space 11776K, 95% used [0x00000000ea700000,0x00000000eb20a080,0x00000000eb280000)
  to   space 17408K, 0% used [0x00000000e9080000,0x00000000e9080000,0x00000000ea180000)
 ParOldGen       total 280576K, used 30717K [0x00000000a0000000, 0x00000000b1200000, 0x00000000e0000000)
  object space 280576K, 10% used [0x00000000a0000000,0x00000000a1dff448,0x00000000b1200000)
 Metaspace       used 65065K, capacity 67254K, committed 67352K, reserved 1107968K
  class space    used 8743K, capacity 9214K, committed 9256K, reserved 1048576K
Event: 11.412 GC heap after
Heap after GC invocations=14 (full 3):
 PSYoungGen      total 165376K, used 15325K [0x00000000e0000000, 0x00000000ebf80000, 0x0000000100000000)
  eden space 147968K, 0% used [0x00000000e0000000,0x00000000e0000000,0x00000000e9080000)
  from space 17408K, 88% used [0x00000000e9080000,0x00000000e9f774b8,0x00000000ea180000)
  to   space 18432K, 0% used [0x00000000ead80000,0x00000000ead80000,0x00000000ebf80000)
 ParOldGen       total 280576K, used 30725K [0x00000000a0000000, 0x00000000b1200000, 0x00000000e0000000)
  object space 280576K, 10% used [0x00000000a0000000,0x00000000a1e01448,0x00000000b1200000)
 Metaspace       used 65065K, capacity 67254K, committed 67352K, reserved 1107968K
  class space    used 8743K, capacity 9214K, committed 9256K, reserved 1048576K
}
Event: 13.642 GC heap before
{Heap before GC invocations=15 (full 3):
 PSYoungGen      total 165376K, used 163293K [0x00000000e0000000, 0x00000000ebf80000, 0x0000000100000000)
  eden space 147968K, 100% used [0x00000000e0000000,0x00000000e9080000,0x00000000e9080000)
  from space 17408K, 88% used [0x00000000e9080000,0x00000000e9f774b8,0x00000000ea180000)
  to   space 18432K, 0% used [0x00000000ead80000,0x00000000ead80000,0x00000000ebf80000)
 ParOldGen       total 280576K, used 30725K [0x00000000a0000000, 0x00000000b1200000, 0x00000000e0000000)
  object space 280576K, 10% used [0x00000000a0000000,0x00000000a1e01448,0x00000000b1200000)
 Metaspace       used 73301K, capacity 76060K, committed 76440K, reserved 1116160K
  class space    used 9752K, capacity 10297K, committed 10408K, reserved 1048576K
Event: 13.660 GC heap after
Heap after GC invocations=15 (full 3):
 PSYoungGen      total 174080K, used 18408K [0x00000000e0000000, 0x00000000ecc00000, 0x0000000100000000)
  eden space 155648K, 0% used [0x00000000e0000000,0x00000000e0000000,0x00000000e9800000)
  from space 18432K, 99% used [0x00000000ead80000,0x00000000ebf7a1c0,0x00000000ebf80000)
  to   space 22016K, 0% used [0x00000000e9800000,0x00000000e9800000,0x00000000ead80000)
 ParOldGen       total 280576K, used 35789K [0x00000000a0000000, 0x00000000b1200000, 0x00000000e0000000)
  object space 280576K, 12% used [0x00000000a0000000,0x00000000a22f35b8,0x00000000b1200000)
 Metaspace       used 73301K, capacity 76060K, committed 76440K, reserved 1116160K
  class space    used 9752K, capacity 10297K, committed 10408K, reserved 1048576K
}
Event: 3388.477 GC heap before
{Heap before GC invocations=16 (full 3):
 PSYoungGen      total 174080K, used 174056K [0x00000000e0000000, 0x00000000ecc00000, 0x0000000100000000)
  eden space 155648K, 100% used [0x00000000e0000000,0x00000000e9800000,0x00000000e9800000)
  from space 18432K, 99% used [0x00000000ead80000,0x00000000ebf7a1c0,0x00000000ebf80000)
  to   space 22016K, 0% used [0x00000000e9800000,0x00000000e9800000,0x00000000ead80000)
 ParOldGen       total 280576K, used 35789K [0x00000000a0000000, 0x00000000b1200000, 0x00000000e0000000)
  object space 280576K, 12% used [0x00000000a0000000,0x00000000a22f35b8,0x00000000b1200000)
 Metaspace       used 79661K, capacity 82862K, committed 82968K, reserved 1122304K
  class space    used 10427K, capacity 11038K, committed 11048K, reserved 1048576K
Event: 3388.497 GC heap after
Heap after GC invocations=16 (full 3):
 PSYoungGen      total 175104K, used 22002K [0x00000000e0000000, 0x00000000ec680000, 0x0000000100000000)
  eden space 153088K, 0% used [0x00000000e0000000,0x00000000e0000000,0x00000000e9580000)
  from space 22016K, 99% used [0x00000000e9800000,0x00000000ead7c9e0,0x00000000ead80000)
  to   space 25088K, 0% used [0x00000000eae00000,0x00000000eae00000,0x00000000ec680000)
 ParOldGen       total 280576K, used 36603K [0x00000000a0000000, 0x00000000b1200000, 0x00000000e0000000)
  object space 280576K, 13% used [0x00000000a0000000,0x00000000a23bec88,0x00000000b1200000)
 Metaspace       used 79661K, capacity 82862K, committed 82968K, reserved 1122304K
  class space    used 10427K, capacity 11038K, committed 11048K, reserved 1048576K
}
Event: 3427.139 GC heap before
{Heap before GC invocations=17 (full 3):
 PSYoungGen      total 175104K, used 175090K [0x00000000e0000000, 0x00000000ec680000, 0x0000000100000000)
  eden space 153088K, 100% used [0x00000000e0000000,0x00000000e9580000,0x00000000e9580000)
  from space 22016K, 99% used [0x00000000e9800000,0x00000000ead7c9e0,0x00000000ead80000)
  to   space 25088K, 0% used [0x00000000eae00000,0x00000000eae00000,0x00000000ec680000)
 ParOldGen       total 280576K, used 36603K [0x00000000a0000000, 0x00000000b1200000, 0x00000000e0000000)
  object space 280576K, 13% used [0x00000000a0000000,0x00000000a23bec88,0x00000000b1200000)
 Metaspace       used 80283K, capacity 83608K, committed 83864K, reserved 1122304K
  class space    used 10444K, capacity 11065K, committed 11176K, reserved 1048576K
Event: 3427.153 GC heap after
Heap after GC invocations=17 (full 3):
 PSYoungGen      total 172032K, used 11040K [0x00000000e0000000, 0x00000000ec300000, 0x0000000100000000)
  eden space 150528K, 0% used [0x00000000e0000000,0x00000000e0000000,0x00000000e9300000)
  from space 21504K, 51% used [0x00000000eae00000,0x00000000eb8c80e0,0x00000000ec300000)
  to   space 24576K, 0% used [0x00000000e9300000,0x00000000e9300000,0x00000000eab00000)
 ParOldGen       total 280576K, used 44050K [0x00000000a0000000, 0x00000000b1200000, 0x00000000e0000000)
  object space 280576K, 15% used [0x00000000a0000000,0x00000000a2b04ad8,0x00000000b1200000)
 Metaspace       used 80283K, capacity 83608K, committed 83864K, reserved 1122304K
  class space    used 10444K, capacity 11065K, committed 11176K, reserved 1048576K
}

Deoptimization events (10 events):
Event: 3428.901 Thread 0x000000001b37e800 Uncommon trap: reason=bimorphic action=maybe_recompile pc=0x0000000005162a10 method=com.google.common.collect.ImmutableMap.copyOf(Ljava/util/Map;)Lcom/google/common/collect/ImmutableMap; @ 49
Event: 3428.909 Thread 0x000000001b37e800 Uncommon trap: reason=array_check action=maybe_recompile pc=0x00000000053edd6c method=com.google.common.collect.RegularImmutableMap.fromEntryArray(I[Ljava/util/Map$Entry;)Lcom/google/common/collect/ImmutableMap; @ 157
Event: 3429.200 Thread 0x000000001b374800 Uncommon trap: reason=speculate_class_check action=maybe_recompile pc=0x000000000522d398 method=java.nio.charset.CharsetEncoder.reset()Ljava/nio/charset/CharsetEncoder; @ 1
Event: 3429.629 Thread 0x000000001d39b000 Uncommon trap: reason=unstable_if action=reinterpret pc=0x000000000497b0ec method=org.objectweb.asm.Frame.execute(IILorg/objectweb/asm/ClassWriter;Lorg/objectweb/asm/Item;)V @ 1193
Event: 3429.841 Thread 0x000000001b379000 Uncommon trap: reason=array_check action=maybe_recompile pc=0x00000000053edd6c method=com.google.common.collect.RegularImmutableMap.fromEntryArray(I[Ljava/util/Map$Entry;)Lcom/google/common/collect/ImmutableMap; @ 157
Event: 3429.842 Thread 0x000000001b379000 Uncommon trap: reason=class_check action=maybe_recompile pc=0x000000000379d030 method=java.util.Spliterators$1Adapter.hasNext()Z @ 12
Event: 3429.986 Thread 0x000000001b379000 Uncommon trap: reason=class_check action=maybe_recompile pc=0x000000000379d030 method=java.util.Spliterators$1Adapter.hasNext()Z @ 12
Event: 3429.996 Thread 0x000000001b379000 Uncommon trap: reason=speculate_class_check action=maybe_recompile pc=0x000000000522d398 method=java.nio.charset.CharsetEncoder.reset()Ljava/nio/charset/CharsetEncoder; @ 1
Event: 3429.996 Thread 0x000000001b379000 Uncommon trap: reason=speculate_class_check action=maybe_recompile pc=0x000000000522d398 method=java.nio.charset.CharsetEncoder.reset()Ljava/nio/charset/CharsetEncoder; @ 1
Event: 3430.026 Thread 0x000000001b382000 Uncommon trap: reason=unstable_if action=reinterpret pc=0x0000000004d602f8 method=com.android.tools.r8.graph.DexString.isValidMethodName(Ljava/lang/String;)Z @ 25

Classes redefined (0 events):
No events

Internal exceptions (10 events):
Event: 3387.974 Thread 0x000000001b379000 Exception <a 'sun/nio/fs/WindowsException'> (0x00000000e6e13498) thrown at [D:\src\AOSP-openjdk-cygwin\jdk8u\hotspot\src\share\vm\prims\jni.cpp, line 709]
Event: 3388.896 Thread 0x000000001b0ca000 Implicit null exception at 0x00000000046ba3d7 to 0x00000000046ba741
Event: 3391.131 Thread 0x000000001b379000 Implicit null exception at 0x0000000004908102 to 0x000000000490892d
Event: 3391.131 Thread 0x000000001b379000 Implicit null exception at 0x0000000004c0fc8b to 0x0000000004c10699
Event: 3426.859 Thread 0x000000001b379000 Exception <a 'sun/nio/fs/WindowsException'> (0x00000000e7ddd2e8) thrown at [D:\src\AOSP-openjdk-cygwin\jdk8u\hotspot\src\share\vm\prims\jni.cpp, line 709]
Event: 3426.869 Thread 0x000000001b379000 Exception <a 'sun/nio/fs/WindowsException'> (0x00000000e7de9cd0) thrown at [D:\src\AOSP-openjdk-cygwin\jdk8u\hotspot\src\share\vm\prims\jni.cpp, line 709]
Event: 3428.730 Thread 0x000000001b379000 Implicit null exception at 0x000000000392bd40 to 0x000000000392c1ad
Event: 3428.738 Thread 0x000000001b37e800 Exception <a 'java/io/FileNotFoundException'> (0x00000000e310ace8) thrown at [D:\src\AOSP-openjdk-cygwin\jdk8u\hotspot\src\share\vm\prims\jni.cpp, line 709]
Event: 3428.783 Thread 0x000000001b37e800 Exception <a 'java/lang/NoSuchMethodError': java.lang.Object.lambda$asRunnable$0(Lcom/android/tools/build/apkzlib/utils/IOExceptionRunnable;)V> (0x00000000e37235f8) thrown at [D:\src\AOSP-openjdk-cygwin\jdk8u\hotspot\src\share\vm\interpreter\linkResolver.
Event: 3430.024 Thread 0x000000001b382000 Exception <a 'sun/nio/fs/WindowsException'> (0x00000000e6bbb470) thrown at [D:\src\AOSP-openjdk-cygwin\jdk8u\hotspot\src\share\vm\prims\jni.cpp, line 709]

Events (10 events):
Event: 3430.004 Thread 0x0000000016f6d000 flushing nmethod 0x00000000040f9a50
Event: 3430.010 Thread 0x0000000016f6d000 flushing nmethod 0x0000000004850950
Event: 3430.010 Thread 0x0000000016f6d000 flushing nmethod 0x0000000004856710
Event: 3430.026 Thread 0x0000000016f6d000 flushing nmethod 0x0000000004bbd950
Event: 3430.026 Thread 0x000000001b382000 Uncommon trap: trap_request=0xffffff65 fr.pc=0x0000000004d602f8
Event: 3430.026 Thread 0x000000001b382000 DEOPT PACKING pc=0x0000000004d602f8 sp=0x0000000026cddc40
Event: 3430.026 Thread 0x000000001b382000 DEOPT UNPACKING pc=0x00000000031e557b sp=0x0000000026cddbe0 mode 2
Event: 3430.027 Thread 0x0000000016f6d000 flushing nmethod 0x0000000004d739d0
Event: 3430.122 Thread 0x000000001b382000 DEOPT PACKING pc=0x0000000004bf99b3 sp=0x0000000026cddbd0
Event: 3430.122 Thread 0x000000001b382000 DEOPT UNPACKING pc=0x00000000031e75d0 sp=0x0000000026cdd8e8 mode 0


Dynamic libraries:
0x00007ff790740000 - 0x00007ff790771000 	D:\Program Files\Android Studio\jre\bin\java.exe
0x00007ffde8c60000 - 0x00007ffde8e50000 	C:\WINDOWS\SYSTEM32\ntdll.dll
0x00007ffde76a0000 - 0x00007ffde7752000 	C:\WINDOWS\System32\KERNEL32.DLL
0x00007ffde5ec0000 - 0x00007ffde6163000 	C:\WINDOWS\System32\KERNELBASE.dll
0x00007ffde8740000 - 0x00007ffde87e3000 	C:\WINDOWS\System32\ADVAPI32.dll
0x00007ffde6d10000 - 0x00007ffde6dae000 	C:\WINDOWS\System32\msvcrt.dll
0x00007ffde77c0000 - 0x00007ffde7857000 	C:\WINDOWS\System32\sechost.dll
0x00007ffde8310000 - 0x00007ffde8430000 	C:\WINDOWS\System32\RPCRT4.dll
0x00007ffde6fc0000 - 0x00007ffde7153000 	C:\WINDOWS\System32\USER32.dll
0x00007ffde5c90000 - 0x00007ffde5cb1000 	C:\WINDOWS\System32\win32u.dll
0x00007ffde8980000 - 0x00007ffde89a6000 	C:\WINDOWS\System32\GDI32.dll
0x00007ffde61c0000 - 0x00007ffde6354000 	C:\WINDOWS\System32\gdi32full.dll
0x00007ffde5cc0000 - 0x00007ffde5d5e000 	C:\WINDOWS\System32\msvcp_win.dll
0x00007ffde5d60000 - 0x00007ffde5e5a000 	C:\WINDOWS\System32\ucrtbase.dll
0x00007ffddd050000 - 0x00007ffddd2d5000 	C:\WINDOWS\WinSxS\amd64_microsoft.windows.common-controls_6595b64144ccf1df_6.0.18362.356_none_e6c4af7d130f27cc\COMCTL32.dll
0x00007ffde78e0000 - 0x00007ffde7c16000 	C:\WINDOWS\System32\combase.dll
0x00007ffde5c10000 - 0x00007ffde5c90000 	C:\WINDOWS\System32\bcryptPrimitives.dll
0x00007ffde7670000 - 0x00007ffde769e000 	C:\WINDOWS\System32\IMM32.DLL
0x0000000056ec0000 - 0x0000000056f92000 	D:\Program Files\Android Studio\jre\jre\bin\msvcr100.dll
0x0000000057080000 - 0x00000000578c1000 	D:\Program Files\Android Studio\jre\jre\bin\server\jvm.dll
0x00007ffde71f0000 - 0x00007ffde71f8000 	C:\WINDOWS\System32\PSAPI.DLL
0x00007ffde4640000 - 0x00007ffde464a000 	C:\WINDOWS\SYSTEM32\VERSION.dll
0x00007ffde0ef0000 - 0x00007ffde0f14000 	C:\WINDOWS\SYSTEM32\WINMM.dll
0x00007ffde18a0000 - 0x00007ffde18a9000 	C:\WINDOWS\SYSTEM32\WSOCK32.dll
0x00007ffde7180000 - 0x00007ffde71ef000 	C:\WINDOWS\System32\WS2_32.dll
0x00007ffde0d50000 - 0x00007ffde0d7d000 	C:\WINDOWS\SYSTEM32\winmmbase.dll
0x00007ffde6170000 - 0x00007ffde61ba000 	C:\WINDOWS\System32\cfgmgr32.dll
0x00007ffde1890000 - 0x00007ffde189f000 	D:\Program Files\Android Studio\jre\jre\bin\verify.dll
0x00007ffdd9390000 - 0x00007ffdd93b9000 	D:\Program Files\Android Studio\jre\jre\bin\java.dll
0x00007ffdde090000 - 0x00007ffdde0a6000 	D:\Program Files\Android Studio\jre\jre\bin\zip.dll
0x00007ffde7c20000 - 0x00007ffde8305000 	C:\WINDOWS\System32\SHELL32.dll
0x00007ffde89b0000 - 0x00007ffde8a59000 	C:\WINDOWS\System32\shcore.dll
0x00007ffde64b0000 - 0x00007ffde6c2e000 	C:\WINDOWS\System32\windows.storage.dll
0x00007ffde5b80000 - 0x00007ffde5b9f000 	C:\WINDOWS\System32\profapi.dll
0x00007ffde5ba0000 - 0x00007ffde5bea000 	C:\WINDOWS\System32\powrprof.dll
0x00007ffde5b30000 - 0x00007ffde5b40000 	C:\WINDOWS\System32\UMPDC.dll
0x00007ffde6f60000 - 0x00007ffde6fb2000 	C:\WINDOWS\System32\shlwapi.dll
0x00007ffde5b40000 - 0x00007ffde5b51000 	C:\WINDOWS\System32\kernel.appcore.dll
0x00007ffde5bf0000 - 0x00007ffde5c07000 	C:\WINDOWS\System32\cryptsp.dll
0x00007ffdd93d0000 - 0x00007ffdd93ea000 	D:\Program Files\Android Studio\jre\jre\bin\net.dll
0x00007ffde5390000 - 0x00007ffde53f7000 	C:\WINDOWS\system32\mswsock.dll
0x00007ffdd9370000 - 0x00007ffdd9381000 	D:\Program Files\Android Studio\jre\jre\bin\nio.dll
0x00007ffdd9330000 - 0x00007ffdd934e000 	C:\Users\asus\.gradle\native\25\windows-amd64\native-platform.dll
0x00007ffddf460000 - 0x00007ffddf46d000 	D:\Program Files\Android Studio\jre\jre\bin\management.dll
0x00007ffde4eb0000 - 0x00007ffde4ee3000 	C:\WINDOWS\system32\rsaenh.dll
0x00007ffde6c30000 - 0x00007ffde6c56000 	C:\WINDOWS\System32\bcrypt.dll
0x00007ffde5a20000 - 0x00007ffde5a45000 	C:\WINDOWS\SYSTEM32\USERENV.dll
0x00007ffde5570000 - 0x00007ffde557c000 	C:\WINDOWS\SYSTEM32\CRYPTBASE.dll
0x00007ffde5050000 - 0x00007ffde508a000 	C:\WINDOWS\SYSTEM32\IPHLPAPI.DLL
0x00007ffde87f0000 - 0x00007ffde87f8000 	C:\WINDOWS\System32\NSI.dll
0x00007ffde1000000 - 0x00007ffde1016000 	C:\WINDOWS\SYSTEM32\dhcpcsvc6.DLL
0x00007ffde0fe0000 - 0x00007ffde0ffc000 	C:\WINDOWS\SYSTEM32\dhcpcsvc.DLL
0x00007ffde5090000 - 0x00007ffde515a000 	C:\WINDOWS\SYSTEM32\DNSAPI.dll

VM Arguments:
jvm_args: -Xmx1536m -Dfile.encoding=windows-1252 -Duser.country=US -Duser.language=en -Duser.variant 
java_command: org.gradle.launcher.daemon.bootstrap.GradleDaemon 5.1.1
java_class_path (initial): C:\Users\asus\.gradle\wrapper\dists\gradle-5.1.1-all\97z1ksx6lirer3kbvdnh7jtjg\gradle-5.1.1\lib\gradle-launcher-5.1.1.jar
Launcher Type: SUN_STANDARD

Environment Variables:
PATH=C:\Program Files (x86)\Common Files\Oracle\Java\javapath;C:\Program Files (x86)\Intel\iCLS Client\;C:\Program Files\Intel\iCLS Client\;C:\Windows\system32;C:\Windows;C:\Windows\System32\Wbem;C:\Windows\System32\WindowsPowerShell\v1.0\;C:\Program Files (x86)\Intel\Intel(R) Management Engine Components\DAL;C:\Program Files\Intel\Intel(R) Management Engine Components\DAL;C:\Program Files (x86)\Intel\Intel(R) Management Engine Components\IPT;C:\Program Files\Intel\Intel(R) Management Engine Components\IPT;C:\WINDOWS\system32;C:\WINDOWS;C:\WINDOWS\System32\Wbem;C:\WINDOWS\System32\WindowsPowerShell\v1.0\;C:\WINDOWS\System32\OpenSSH\;C:\Program Files (x86)\NVIDIA Corporation\PhysX\Common;C:\Program Files\NVIDIA Corporation\NVIDIA NvDLISR;C:\Program Files\dotnet\;C:\Program Files\Microsoft SQL Server\130\Tools\Binn\;%SystemRoot%\system32;%SystemRoot%;%SystemRoot%\System32\Wbem;%SYSTEMROOT%\System32\WindowsPowerShell\v1.0\;%SYSTEMROOT%\System32\OpenSSH\;C:\Users\asus\AppData\Local\Microsoft\WindowsApps;;D:\folder uji\Microsoft VS Code\bin
USERNAME=asus
OS=Windows_NT
PROCESSOR_IDENTIFIER=Intel64 Family 6 Model 158 Stepping 9, GenuineIntel



---------------  S Y S T E M  ---------------

OS: Windows 10.0 , 64 bit Build 18362 (10.0.18362.329)

CPU:total 8 (initial active 8) (4 cores per cpu, 2 threads per core) family 6 model 158 stepping 9, cmov, cx8, fxsr, mmx, sse, sse2, sse3, ssse3, sse4.1, sse4.2, popcnt, avx, avx2, aes, clmul, erms, rtm, 3dnowpref, lzcnt, ht, tsc, tscinvbit, bmi1, bmi2, adx

Memory: 4k page, physical 16716724k(7782220k free), swap 32208176k(2068k free)

vm_info: OpenJDK 64-Bit Server VM (25.152-b01) for windows-amd64 JRE (1.8.0_152-release-1343-b01), built by "builder" with MS VC++ 10.0 (VS2010)

time: Tue Sep 17 09:24:08 2019
elapsed time: 3430 seconds (0d 0h 57m 10s)

